<?xml version="1.0" encoding="UTF-8"?>
<!-- Generated by org.testng.reporters.JUnitReportReporter -->
<testsuite hostname="LAPTOP-JHASPJOK" failures="0" tests="5" name="com.swaglabs.test.ProductPageTest" time="24.041" errors="0" timestamp="2025-09-06T11:37:59 IST" skipped="0">
  <testcase classname="com.swaglabs.test.ProductPageTest" name="TC_011_productItemsPageVisibility" time="3.695"/>
  <testcase classname="com.swaglabs.test.ProductPageTest" name="TC_012_productPageLayoutResponsiveness" time="3.693"/>
  <testcase classname="com.swaglabs.test.ProductPageTest" name="TC_013_productDescriptionImagesVisibility" time="8.967"/>
  <testcase classname="com.swaglabs.test.ProductPageTest" name="TC_014_productNameDescriptionAccuracy" time="3.733"/>
  <testcase classname="com.swaglabs.test.ProductPageTest" name="TC_015_productPricesVisibilityAccuracy" time="3.953"/>
</testsuite> <!-- com.swaglabs.test.ProductPageTest -->
