<?xml version="1.0" encoding="UTF-8"?>
<!-- Generated by org.testng.reporters.JUnitReportReporter -->
<testsuite hostname="LAPTOP-JHASPJOK" failures="0" tests="1" name="com.swaglabs.test.CartTest" time="7.744" errors="0" timestamp="2025-09-06T14:31:44 IST" skipped="0">
  <testcase classname="com.swaglabs.test.CartTest" name="TC_016_shoppingCartOptionVisibility" time="7.744"/>
</testsuite> <!-- com.swaglabs.test.CartTest -->
