<?xml version="1.0" encoding="UTF-8"?>
<!-- Generated by org.testng.reporters.JUnitReportReporter -->
<testsuite hostname="LAPTOP-JHASPJOK" failures="0" tests="10" name="com.swaglabs.test.LoginPageTest" time="29.066" errors="0" timestamp="2025-09-06T11:17:29 IST" skipped="0">
  <testcase classname="com.swaglabs.test.LoginPageTest" name="TC_001_loginPageVisibility" time="5.209"/>
  <testcase classname="com.swaglabs.test.LoginPageTest" name="TC_002_usernameField" time="2.352"/>
  <testcase classname="com.swaglabs.test.LoginPageTest" name="TC_003_passwordField" time="2.483"/>
  <testcase classname="com.swaglabs.test.LoginPageTest" name="TC_004_validLogin" time="3.202"/>
  <testcase classname="com.swaglabs.test.LoginPageTest" name="TC_005_lockedOutUser" time="2.584"/>
  <testcase classname="com.swaglabs.test.LoginPageTest" name="TC_006_wrongPassword" time="2.596"/>
  <testcase classname="com.swaglabs.test.LoginPageTest" name="TC_007_wrongUsername" time="2.753"/>
  <testcase classname="com.swaglabs.test.LoginPageTest" name="TC_008_spaceInUsername" time="2.569"/>
  <testcase classname="com.swaglabs.test.LoginPageTest" name="TC_009_emptyCredentials" time="2.676"/>
  <testcase classname="com.swaglabs.test.LoginPageTest" name="TC_010_loginButton" time="2.642"/>
</testsuite> <!-- com.swaglabs.test.LoginPageTest -->
