<?xml version="1.0" encoding="UTF-8"?>
<!-- Generated by org.testng.reporters.JUnitReportReporter -->
<testsuite hostname="LAPTOP-JHASPJOK" failures="0" tests="5" name="com.swaglabs.test.ProductSortingTest" time="19.895" errors="0" timestamp="2025-09-06T12:06:35 IST" skipped="0">
  <testcase classname="com.swaglabs.test.ProductSortingTest" name="TC_022_sortingOptionVisibility" time="3.588"/>
  <testcase classname="com.swaglabs.test.ProductSortingTest" name="TC_023_ascendingAlphabeticalSorting" time="3.686"/>
  <testcase classname="com.swaglabs.test.ProductSortingTest" name="TC_024_descendingAlphabeticalSorting" time="4.873"/>
  <testcase classname="com.swaglabs.test.ProductSortingTest" name="TC_025_ascendingPriceSorting" time="3.957"/>
  <testcase classname="com.swaglabs.test.ProductSortingTest" name="TC_026_descendingPriceSorting" time="3.791"/>
</testsuite> <!-- com.swaglabs.test.ProductSortingTest -->
