<?xml version="1.0" encoding="UTF-8"?>
<!-- Generated by org.testng.reporters.JUnitReportReporter -->
<testsuite hostname="LAPTOP-3U56A05H" failures="0" tests="5" name="com.swaglabs.test.EndToEndTest" time="65.507" errors="0" timestamp="2025-09-07T18:16:48 IST" skipped="0">
  <testcase classname="com.swaglabs.test.EndToEndTest" name="tc_060_purchaseSingleProduct" time="7.668"/>
  <testcase classname="com.swaglabs.test.EndToEndTest" name="tc_061_purchaseMultipleProducts" time="10.881"/>
  <testcase classname="com.swaglabs.test.EndToEndTest" name="tc_sortAndCheckoutWithPriceValidation" time="7.602"/>
  <testcase classname="com.swaglabs.test.EndToEndTest" name="tc_endToend_054_cartPersistenceAcrossLogoutAndLogin" time="9.654"/>
  <testcase classname="com.swaglabs.test.EndToEndTest" name="tc_endToend_055_resetAppStateClearsCart" time="29.702"/>
</testsuite> <!-- com.swaglabs.test.EndToEndTest -->
